<?xml version="1.0" encoding="UTF-8"?>
<!-- Generated by org.testng.reporters.JUnitReportReporter -->
<testsuite hostname="WJLP-1098" failures="0" tests="1" name="pages.LoginPageTest" time="2.505" errors="0" timestamp="2020-06-16T15:15:57 IST" skipped="0">
  <testcase classname="pages.LoginPageTest" name="signIn" time="2.505"/>
  <system-out/>
</testsuite> <!-- pages.LoginPageTest -->
