<?xml version="1.0" encoding="UTF-8"?>
<!-- Generated by org.testng.reporters.JUnitReportReporter -->
<testsuite hostname="WJLP-1098" failures="0" tests="11" name="pages.TestPageConsinment" time="211.020" errors="0" timestamp="2020-05-28T19:44:11 IST" skipped="0">
  <testcase classname="pages.TestPageConsinment" name="doStarted" time="56.006"/>
  <system-out/>
  <testcase classname="pages.TestPageConsinment" name="commudityValidation" time="14.484"/>
  <system-out/>
  <testcase classname="pages.TestPageConsinment" name="selectCommudityJwellery" time="7.043"/>
  <system-out/>
  <testcase classname="pages.TestPageConsinment" name="thirdStepReciever" time="39.326"/>
  <system-out/>
  <testcase classname="pages.TestPageConsinment" name="clickOnStepValue" time="26.507"/>
  <system-out/>
  <testcase classname="pages.TestPageConsinment" name="clickOnStepRequirement" time="16.945"/>
  <system-out/>
  <testcase classname="pages.TestPageConsinment" name="clickOnStepServices" time="7.350"/>
  <system-out/>
  <testcase classname="pages.TestPageConsinment" name="clickonstepParcel" time="6.350"/>
  <system-out/>
  <testcase classname="pages.TestPageConsinment" name="entertxtNumberOfParcel" time="8.561"/>
  <system-out/>
  <testcase classname="pages.TestPageConsinment" name="entertxtSecuritypack" time="9.762"/>
  <system-out/>
  <testcase classname="pages.TestPageConsinment" name="clickONFinaliseButton" time="18.686"/>
  <system-out/>
</testsuite> <!-- pages.TestPageConsinment -->
